[debug] [2018-01-16T01:00:00.228Z] ----------------------------------------------------------------------
[debug] [2018-01-16T01:00:00.231Z] Command:       /usr/bin/nodejs /usr/local/bin/firebase serve
[debug] [2018-01-16T01:00:00.232Z] CLI Version:   3.16.0
[debug] [2018-01-16T01:00:00.232Z] Platform:      linux
[debug] [2018-01-16T01:00:00.232Z] Node Version:  v7.10.1
[debug] [2018-01-16T01:00:00.232Z] Time:          Mon Jan 15 2018 23:00:00 GMT-0200 (-02)
[debug] [2018-01-16T01:00:00.232Z] ----------------------------------------------------------------------
[debug] 
[debug] [2018-01-16T01:00:00.246Z] > command requires scopes: ["email","openid","https://www.googleapis.com/auth/cloudplatformprojects.readonly","https://www.googleapis.com/auth/firebase","https://www.googleapis.com/auth/cloud-platform"]
[debug] [2018-01-16T01:00:00.246Z] > authorizing via signed-in user
[debug] [2018-01-16T01:00:00.249Z] > refreshing access token with scopes: ["email","https://www.googleapis.com/auth/cloud-platform","https://www.googleapis.com/auth/cloudplatformprojects.readonly","https://www.googleapis.com/auth/firebase","openid"]
[debug] [2018-01-16T01:00:00.249Z] >>> HTTP REQUEST POST https://www.googleapis.com/oauth2/v3/token  
 { refresh_token: '1/DUqRi9O4HHkgRdPQU9Ger9AQEgMk7zjHMmnQ7D1hJmw',
  client_id: '563584335869-fgrhgmd47bqnekij5i8b5pr03ho849e6.apps.googleusercontent.com',
  client_secret: 'j9iVZfS8kkCEFUPaAeJV0sAi',
  grant_type: 'refresh_token',
  scope: 'email https://www.googleapis.com/auth/cloud-platform https://www.googleapis.com/auth/cloudplatformprojects.readonly https://www.googleapis.com/auth/firebase openid' } 
 Mon Jan 15 2018 23:00:00 GMT-0200 (-02)
[debug] [2018-01-16T01:00:00.587Z] <<< HTTP RESPONSE 200
[debug] [2018-01-16T01:00:00.593Z] >>> HTTP REQUEST GET https://admin.firebase.com/v1/projects/yapoto-app  
  
 Mon Jan 15 2018 23:00:00 GMT-0200 (-02)
[debug] [2018-01-16T01:00:01.873Z] <<< HTTP RESPONSE 200
[debug] [2018-01-16T01:00:01.875Z] >>> HTTP REQUEST GET https://admin.firebase.com/v1/database/yapoto-app/tokens  
  
 Mon Jan 15 2018 23:00:01 GMT-0200 (-02)
[debug] [2018-01-16T01:00:02.588Z] <<< HTTP RESPONSE 200
[info] 
[info] === Serving from '/home/wellington/projects/my/yapoto'...
[info] 
[debug] [2018-01-16T01:00:02.595Z] >>> HTTP REQUEST GET https://cloudresourcemanager.googleapis.com/v1/projects/yapoto-app  
  
 Mon Jan 15 2018 23:00:02 GMT-0200 (-02)
[debug] [2018-01-16T01:00:03.700Z] <<< HTTP RESPONSE 200
[debug] [2018-01-16T01:00:03.701Z] >>> HTTP REQUEST GET https://mobilesdk-pa.googleapis.com/v1/projects/162236112116/clients/_:getWebAppConfig  
  
 Mon Jan 15 2018 23:00:03 GMT-0200 (-02)
[debug] [2018-01-16T01:00:04.402Z] <<< HTTP RESPONSE 200
[info] i  hosting: Serving hosting files from: public
[info] ✔  hosting: Local server: http://localhost:5000

